-------------------------------------------------------------------------------
Test set: co.edu.unbosque.unishop.controller.ControllerTest
-------------------------------------------------------------------------------
Tests run: 24, Failures: 2, Errors: 0, Skipped: 0, Time elapsed: 1.582 s <<< FAILURE! -- in co.edu.unbosque.unishop.controller.ControllerTest
co.edu.unbosque.unishop.controller.ControllerTest.admin_mostrarTodo_cuandoNoHayAdmins_retornaNoContent -- Time elapsed: 0.014 s <<< FAILURE!
org.opentest4j.AssertionFailedError: expected: <204 NO_CONTENT> but was: <200 OK>
	at org.junit.jupiter.api.AssertionFailureBuilder.build(AssertionFailureBuilder.java:158)
	at org.junit.jupiter.api.AssertionFailureBuilder.buildAndThrow(AssertionFailureBuilder.java:139)
	at org.junit.jupiter.api.AssertEquals.failNotEqual(AssertEquals.java:201)
	at org.junit.jupiter.api.AssertEquals.assertEquals(AssertEquals.java:184)
	at org.junit.jupiter.api.AssertEquals.assertEquals(AssertEquals.java:179)
	at org.junit.jupiter.api.Assertions.assertEquals(Assertions.java:1188)
	at co.edu.unbosque.unishop.controller.ControllerTest.admin_mostrarTodo_cuandoNoHayAdmins_retornaNoContent(ControllerTest.java:73)

co.edu.unbosque.unishop.controller.ControllerTest.cliente_mostrarTodo_cuandoNoHayClientes_retornaNoContent -- Time elapsed: 0.006 s <<< FAILURE!
org.opentest4j.AssertionFailedError: expected: <204 NO_CONTENT> but was: <200 OK>
	at org.junit.jupiter.api.AssertionFailureBuilder.build(AssertionFailureBuilder.java:158)
	at org.junit.jupiter.api.AssertionFailureBuilder.buildAndThrow(AssertionFailureBuilder.java:139)
	at org.junit.jupiter.api.AssertEquals.failNotEqual(AssertEquals.java:201)
	at org.junit.jupiter.api.AssertEquals.assertEquals(AssertEquals.java:184)
	at org.junit.jupiter.api.AssertEquals.assertEquals(AssertEquals.java:179)
	at org.junit.jupiter.api.Assertions.assertEquals(Assertions.java:1188)
	at co.edu.unbosque.unishop.controller.ControllerTest.cliente_mostrarTodo_cuandoNoHayClientes_retornaNoContent(ControllerTest.java:166)

