-------------------------------------------------------------------------------
Test set: co.edu.unbosque.unishop.service.ClienteServiceTest
-------------------------------------------------------------------------------
Tests run: 20, Failures: 4, Errors: 0, Skipped: 0, Time elapsed: 0.335 s <<< FAILURE! -- in co.edu.unbosque.unishop.service.ClienteServiceTest
co.edu.unbosque.unishop.service.ClienteServiceTest.create_cuandoCorreoValido_seEnviaCorreoMock -- Time elapsed: 0.014 s <<< FAILURE!
org.opentest4j.AssertionFailedError: Debe retornar 1 aunque el correo no se haya podido enviar ==> expected: <1> but was: <-2>
	at org.junit.jupiter.api.AssertionFailureBuilder.build(AssertionFailureBuilder.java:158)
	at org.junit.jupiter.api.AssertionFailureBuilder.buildAndThrow(AssertionFailureBuilder.java:139)
	at org.junit.jupiter.api.AssertEquals.failNotEqual(AssertEquals.java:201)
	at org.junit.jupiter.api.AssertEquals.assertEquals(AssertEquals.java:152)
	at org.junit.jupiter.api.Assertions.assertEquals(Assertions.java:590)
	at co.edu.unbosque.unishop.service.ClienteServiceTest.create_cuandoCorreoValido_seEnviaCorreoMock(ClienteServiceTest.java:138)

co.edu.unbosque.unishop.service.ClienteServiceTest.updateById_cuandoNombreEsDelMismoCliente_retorna1 -- Time elapsed: 0.008 s <<< FAILURE!
org.opentest4j.AssertionFailedError: Debe permitir mantener el mismo nombre de usuario ==> expected: <1> but was: <-2>
	at org.junit.jupiter.api.AssertionFailureBuilder.build(AssertionFailureBuilder.java:158)
	at org.junit.jupiter.api.AssertionFailureBuilder.buildAndThrow(AssertionFailureBuilder.java:139)
	at org.junit.jupiter.api.AssertEquals.failNotEqual(AssertEquals.java:201)
	at org.junit.jupiter.api.AssertEquals.assertEquals(AssertEquals.java:152)
	at org.junit.jupiter.api.Assertions.assertEquals(Assertions.java:590)
	at co.edu.unbosque.unishop.service.ClienteServiceTest.updateById_cuandoNombreEsDelMismoCliente_retorna1(ClienteServiceTest.java:235)

co.edu.unbosque.unishop.service.ClienteServiceTest.create_cuandoDatosValidos_retorna1 -- Time elapsed: 0.010 s <<< FAILURE!
org.opentest4j.AssertionFailedError: Debe retornar 1 cuando el cliente se crea exitosamente ==> expected: <1> but was: <-2>
	at org.junit.jupiter.api.AssertionFailureBuilder.build(AssertionFailureBuilder.java:158)
	at org.junit.jupiter.api.AssertionFailureBuilder.buildAndThrow(AssertionFailureBuilder.java:139)
	at org.junit.jupiter.api.AssertEquals.failNotEqual(AssertEquals.java:201)
	at org.junit.jupiter.api.AssertEquals.assertEquals(AssertEquals.java:152)
	at org.junit.jupiter.api.Assertions.assertEquals(Assertions.java:590)
	at co.edu.unbosque.unishop.service.ClienteServiceTest.create_cuandoDatosValidos_retorna1(ClienteServiceTest.java:63)

co.edu.unbosque.unishop.service.ClienteServiceTest.updateById_cuandoExisteYDatosValidos_retorna1 -- Time elapsed: 0.013 s <<< FAILURE!
org.opentest4j.AssertionFailedError: expected: <1> but was: <-2>
	at org.junit.jupiter.api.AssertionFailureBuilder.build(AssertionFailureBuilder.java:158)
	at org.junit.jupiter.api.AssertionFailureBuilder.buildAndThrow(AssertionFailureBuilder.java:139)
	at org.junit.jupiter.api.AssertEquals.failNotEqual(AssertEquals.java:201)
	at org.junit.jupiter.api.AssertEquals.assertEquals(AssertEquals.java:152)
	at org.junit.jupiter.api.AssertEquals.assertEquals(AssertEquals.java:147)
	at org.junit.jupiter.api.Assertions.assertEquals(Assertions.java:558)
	at co.edu.unbosque.unishop.service.ClienteServiceTest.updateById_cuandoExisteYDatosValidos_retorna1(ClienteServiceTest.java:197)

