<?xml version="1.0" encoding="UTF-8"?>
<testsuite xmlns:xsi="http://www.w3.org/2001/XMLSchema-instance" xsi:noNamespaceSchemaLocation="https://maven.apache.org/surefire/maven-surefire-plugin/xsd/surefire-test-report.xsd" version="3.0.2" name="co.edu.unbosque.unishop.service.ClienteServiceTest" time="0.335" tests="20" errors="0" skipped="0" failures="4" flakes="0">
  <properties>
[...]
</properties>
  <testcase name="exist_cuandoNoExiste_retornaFalse" classname="co.edu.unbosque.unishop.service.ClienteServiceTest" time="0.136"/>
  <testcase name="count_retornaCantidadCorrecta" classname="co.edu.unbosque.unishop.service.ClienteServiceTest" time="0.01"/>
  <testcase name="create_cuandoCorreoValido_seEnviaCorreoMock" classname="co.edu.unbosque.unishop.service.ClienteServiceTest" time="0.014">
    <failure message="Debe retornar 1 aunque el correo no se haya podido enviar ==&gt; expected: &lt;1&gt; but was: &lt;-2&gt;" type="org.opentest4j.AssertionFailedError"><![CDATA[org.opentest4j.AssertionFailedError: Debe retornar 1 aunque el correo no se haya podido enviar ==> expected: <1> but was: <-2>
	at org.junit.jupiter.api.AssertionFailureBuilder.build(AssertionFailureBuilder.java:158)
	at org.junit.jupiter.api.AssertionFailureBuilder.buildAndThrow(AssertionFailureBuilder.java:139)
	at org.junit.jupiter.api.AssertEquals.failNotEqual(AssertEquals.java:201)
	at org.junit.jupiter.api.AssertEquals.assertEquals(AssertEquals.java:152)
	at org.junit.jupiter.api.Assertions.assertEquals(Assertions.java:590)
	at co.edu.unbosque.unishop.service.ClienteServiceTest.create_cuandoCorreoValido_seEnviaCorreoMock(ClienteServiceTest.java:138)
]]></failure>
    <system-err><![CDATA[[ClienteService] Correo inválido: cliente@correo.com
]]></system-err>
  </testcase>
  <testcase name="getAll_cuandoNoHayClientes_retornaListaVacia" classname="co.edu.unbosque.unishop.service.ClienteServiceTest" time="0.009"/>
  <testcase name="exist_cuandoExiste_retornaTrue" classname="co.edu.unbosque.unishop.service.ClienteServiceTest" time="0.009"/>
  <testcase name="updateById_cuandoCorreoInvalido_retornaMenos2" classname="co.edu.unbosque.unishop.service.ClienteServiceTest" time="0.009"/>
  <testcase name="create_cuandoCorreoArrobaAlInicio_retornaMenos2" classname="co.edu.unbosque.unishop.service.ClienteServiceTest" time="0.007">
    <system-err><![CDATA[[ClienteService] Correo inválido: @dominio.com
]]></system-err>
  </testcase>
  <testcase name="updateById_cuandoNombreEsDelMismoCliente_retorna1" classname="co.edu.unbosque.unishop.service.ClienteServiceTest" time="0.008">
    <failure message="Debe permitir mantener el mismo nombre de usuario ==&gt; expected: &lt;1&gt; but was: &lt;-2&gt;" type="org.opentest4j.AssertionFailedError"><![CDATA[org.opentest4j.AssertionFailedError: Debe permitir mantener el mismo nombre de usuario ==> expected: <1> but was: <-2>
	at org.junit.jupiter.api.AssertionFailureBuilder.build(AssertionFailureBuilder.java:158)
	at org.junit.jupiter.api.AssertionFailureBuilder.buildAndThrow(AssertionFailureBuilder.java:139)
	at org.junit.jupiter.api.AssertEquals.failNotEqual(AssertEquals.java:201)
	at org.junit.jupiter.api.AssertEquals.assertEquals(AssertEquals.java:152)
	at org.junit.jupiter.api.Assertions.assertEquals(Assertions.java:590)
	at co.edu.unbosque.unishop.service.ClienteServiceTest.updateById_cuandoNombreEsDelMismoCliente_retorna1(ClienteServiceTest.java:235)
]]></failure>
  </testcase>
  <testcase name="getAll_cuandoHayClientes_retornaLista" classname="co.edu.unbosque.unishop.service.ClienteServiceTest" time="0.008"/>
  <testcase name="create_cuandoNombreYaExiste_retornaMenos1" classname="co.edu.unbosque.unishop.service.ClienteServiceTest" time="0.01">
    <system-err><![CDATA[[ClienteService] Cliente 'clienteTest' ya existe.
]]></system-err>
  </testcase>
  <testcase name="create_cuandoDatosValidos_retorna1" classname="co.edu.unbosque.unishop.service.ClienteServiceTest" time="0.01">
    <failure message="Debe retornar 1 cuando el cliente se crea exitosamente ==&gt; expected: &lt;1&gt; but was: &lt;-2&gt;" type="org.opentest4j.AssertionFailedError"><![CDATA[org.opentest4j.AssertionFailedError: Debe retornar 1 cuando el cliente se crea exitosamente ==> expected: <1> but was: <-2>
	at org.junit.jupiter.api.AssertionFailureBuilder.build(AssertionFailureBuilder.java:158)
	at org.junit.jupiter.api.AssertionFailureBuilder.buildAndThrow(AssertionFailureBuilder.java:139)
	at org.junit.jupiter.api.AssertEquals.failNotEqual(AssertEquals.java:201)
	at org.junit.jupiter.api.AssertEquals.assertEquals(AssertEquals.java:152)
	at org.junit.jupiter.api.Assertions.assertEquals(Assertions.java:590)
	at co.edu.unbosque.unishop.service.ClienteServiceTest.create_cuandoDatosValidos_retorna1(ClienteServiceTest.java:63)
]]></failure>
    <system-err><![CDATA[[ClienteService] Correo inválido: cliente@correo.com
]]></system-err>
  </testcase>
  <testcase name="create_cuandoCorreoVacio_retornaMenos2" classname="co.edu.unbosque.unishop.service.ClienteServiceTest" time="0.012">
    <system-err><![CDATA[[ClienteService] Correo inválido:    
]]></system-err>
  </testcase>
  <testcase name="create_cuandoCorreoSinArroba_retornaMenos2" classname="co.edu.unbosque.unishop.service.ClienteServiceTest" time="0.009">
    <system-err><![CDATA[[ClienteService] Correo inválido: correosindominio.com
]]></system-err>
  </testcase>
  <testcase name="deleteById_cuandoExiste_retorna1" classname="co.edu.unbosque.unishop.service.ClienteServiceTest" time="0.005"/>
  <testcase name="updateById_cuandoNoExiste_retorna0" classname="co.edu.unbosque.unishop.service.ClienteServiceTest" time="0.006"/>
  <testcase name="deleteById_cuandoNoExiste_retorna0" classname="co.edu.unbosque.unishop.service.ClienteServiceTest" time="0.007"/>
  <testcase name="create_cuandoCorreoSinDominio_retornaMenos2" classname="co.edu.unbosque.unishop.service.ClienteServiceTest" time="0.003">
    <system-err><![CDATA[[ClienteService] Correo inválido: correo@sinpunto
]]></system-err>
  </testcase>
  <testcase name="updateById_cuandoNombreUsadoPorOtro_retornaMenos1" classname="co.edu.unbosque.unishop.service.ClienteServiceTest" time="0.008"/>
  <testcase name="updateById_cuandoExisteYDatosValidos_retorna1" classname="co.edu.unbosque.unishop.service.ClienteServiceTest" time="0.013">
    <failure message="expected: &lt;1&gt; but was: &lt;-2&gt;" type="org.opentest4j.AssertionFailedError"><![CDATA[org.opentest4j.AssertionFailedError: expected: <1> but was: <-2>
	at org.junit.jupiter.api.AssertionFailureBuilder.build(AssertionFailureBuilder.java:158)
	at org.junit.jupiter.api.AssertionFailureBuilder.buildAndThrow(AssertionFailureBuilder.java:139)
	at org.junit.jupiter.api.AssertEquals.failNotEqual(AssertEquals.java:201)
	at org.junit.jupiter.api.AssertEquals.assertEquals(AssertEquals.java:152)
	at org.junit.jupiter.api.AssertEquals.assertEquals(AssertEquals.java:147)
	at org.junit.jupiter.api.Assertions.assertEquals(Assertions.java:558)
	at co.edu.unbosque.unishop.service.ClienteServiceTest.updateById_cuandoExisteYDatosValidos_retorna1(ClienteServiceTest.java:197)
]]></failure>
  </testcase>
  <testcase name="create_cuandoCorreoNulo_retornaMenos2" classname="co.edu.unbosque.unishop.service.ClienteServiceTest" time="0.006">
    <system-err><![CDATA[[ClienteService] Correo inválido: null
]]></system-err>
  </testcase>
</testsuite>